........................................................................ [ 92%]
......                                                                   [100%]
================================ tests coverage ================================
_______________ coverage: platform linux, python 3.13.5-final-0 ________________

Name                                                           Stmts   Miss  Cover   Missing
--------------------------------------------------------------------------------------------
action_hub/__init__.py                                             1      0   100%
action_hub/api/__init__.py                                         6      0   100%
action_hub/api/control.py                                         39      1    97%   61
action_hub/api/dependencies.py                                     6      0   100%
action_hub/api/features.py                                        86     13    85%   55-58, 63, 85-86, 134-135, 172-173, 205-206
action_hub/api/mobile.py                                         176     30    83%   82, 88, 171, 226-227, 293-294, 322, 340, 343, 357-360, 376, 398-402, 425, 449-454, 483, 508, 555
action_hub/api/routes.py                                         132     28    79%   53, 79, 94-107, 114, 128-131, 148-149, 158-161, 181-182, 234, 237, 252-256, 285, 298
action_hub/api/webhooks.py                                        23      2    91%   22, 35
action_hub/cli.py                                                103     31    70%   93-128, 134
action_hub/config.py                                             152     10    93%   135, 146-147, 188, 191, 212-216
action_hub/connectors/__init__.py                                  2      0   100%
action_hub/connectors/base.py                                     24      0   100%
action_hub/connectors/github.py                                  122     63    48%   33-37, 59, 64, 76, 93-94, 97-120, 123-150, 155-168, 172-177, 181-186
action_hub/connectors/google_calendar.py                         101     47    53%   28, 31, 74, 84-85, 87-88, 96, 113-114, 117-123, 132-161, 166-176
action_hub/connectors/local_ics.py                                59     14    76%   23, 38-39, 77-78, 81-85, 93-94, 102-103
action_hub/connectors/none.py                                     19      3    84%   19, 22, 25
action_hub/connectors/registry.py                                 30      2    93%   27-28
action_hub/connectors/todoist.py                                 109     58    47%   42, 45, 67, 83-84, 89-112, 115-164, 169-181, 185-190
action_hub/credentials.py                                         50      2    96%   65, 82
action_hub/database.py                                            58      7    88%   70-81, 88-89
action_hub/main.py                                                65      4    94%   69-70, 91-97
action_hub/mcp_server.py                                          51      3    94%   11-12, 90
action_hub/migrations/__init__.py                                  0      0   100%
action_hub/migrations/env.py                                      26      9    65%   14-23, 29-32, 46
action_hub/migrations/versions/0001_initial_v010.py               23      4    83%   102-105
action_hub/migrations/versions/0002_action_control_loop.py        48      5    90%   242-261
action_hub/migrations/versions/0003_operational_hardening.py      19      4    79%   23-26
action_hub/migrations/versions/0004_mobile_foundation.py          45      8    82%   135-142
action_hub/migrations/versions/__init__.py                         0      0   100%
action_hub/models.py                                             375      2    99%   30, 38
action_hub/schemas.py                                            533      2    99%   24, 587
action_hub/security.py                                            37      3    92%   49, 51, 56
action_hub/services/__init__.py                                    0      0   100%
action_hub/services/audit.py                                       7      0   100%
action_hub/services/brief.py                                      43      6    86%   58, 60, 64, 66, 71-72
action_hub/services/date_parser.py                               142     52    63%   53, 58, 62-65, 74-77, 81-87, 91-96, 111-118, 129-130, 140, 142, 155, 162-163, 166-172, 175, 182, 199-202, 218
action_hub/services/decision.py                                  106     26    75%   26, 38-39, 43-48, 51-52, 60-61, 63-64, 66-67, 69-70, 72-73, 107, 139, 153, 156, 159
action_hub/services/executor.py                                  141     29    79%   29, 33, 35, 41, 73, 76, 78, 99, 112, 118, 156, 167-187, 224, 229, 234, 272
action_hub/services/followups.py                                  91     30    67%   28-60, 81, 170, 179-193
action_hub/services/meetings.py                                  101     21    79%   49, 62, 65, 75, 81, 87, 113-116, 159, 187-199
action_hub/services/metrics.py                                    38      3    92%   101, 103, 105
action_hub/services/mobile.py                                    175     18    90%   93, 95, 97, 106-110, 216, 231, 233, 292, 374, 490, 504-507
action_hub/services/mobile_auth.py                               303     44    85%   68-71, 118, 127-128, 130, 132, 135, 138, 149, 151, 153, 155, 157, 170, 204, 206, 219, 221, 332, 337-339, 341-343, 394, 396, 398, 430, 434-435, 457, 470, 478, 507, 510, 513, 525, 547-552, 585
action_hub/services/outbox.py                                    184     69    62%   42, 56-61, 93-100, 105, 118, 120, 132, 151-153, 155-158, 195, 199-240, 293, 301-306
action_hub/services/parser.py                                    284     41    86%   64, 86, 103, 156, 160, 171, 174, 183, 185, 187, 206, 208, 223, 255, 274, 299-300, 312, 314, 319, 322, 398-437, 444-445, 448-451, 458
action_hub/services/planner.py                                    56      3    95%   40, 46, 135
action_hub/services/push.py                                      148     63    57%   43, 64, 107-118, 123, 133-166, 171-213, 228-231, 233, 285-296
action_hub/services/qr.py                                         16      0   100%
action_hub/services/reconciliation.py                             59     23    61%   44-46, 50-56, 58-61, 65-87, 106
action_hub/services/rules.py                                     141     29    79%   36-39, 41-45, 48, 50-51, 60, 62-63, 67, 108, 136-139, 141-143, 166, 170, 185, 194, 198
action_hub/services/state_sync.py                                 91     15    84%   52, 108, 123, 137-139, 142-144, 222-227
action_hub/services/webhooks.py                                  416    108    74%   61, 84, 101, 117-118, 120, 125-127, 169-179, 189-190, 197, 200, 204-206, 213, 218-223, 242, 256-257, 273-282, 295-302, 310, 314-316, 323, 344, 347-349, 361-363, 372-376, 382-384, 427-438, 445-447, 454, 460, 467-471, 506-531, 543, 546-548, 555, 567-577, 611, 621-625, 651, 717, 727-732
action_hub/services/workers/__init__.py                           75     12    84%   25, 29-30, 57, 59, 61, 68, 71, 75, 131, 138-139
action_hub/services/workers/base.py                               13      0   100%
action_hub/services/workers/github_workflow.py                    47     13    72%   34, 64, 73-98
action_hub/worker.py                                              82     29    65%   93-99, 103-135, 139
--------------------------------------------------------------------------------------------
TOTAL                                                           5279    989    81%
Coverage JSON written to file /mnt/data/jm_action_hub_mobile_build/final_validation2/server-coverage.json
Required test coverage of 80% reached. Total coverage: 81.27%
78 passed in 21.95s
